
You are implement LARS optimizer
INFO:tensorflow:Reduce to /job:localhost/replica:0/task:0/device:CPU:0 then broadcast to ('/job:localhost/replica:0/task:0/device:CPU:0',).
I1108 10:20:39.743800 140354772289280 cross_device_ops.py:563] Reduce to /job:localhost/replica:0/task:0/device:CPU:0 then broadcast to ('/job:localhost/replica:0/task:0/device:CPU:0',).
INFO:tensorflow:Reduce to /job:localhost/replica:0/task:0/device:CPU:0 then broadcast to ('/job:localhost/replica:0/task:0/device:CPU:0',).
I1108 10:20:39.746397 140354772289280 cross_device_ops.py:563] Reduce to /job:localhost/replica:0/task:0/device:CPU:0 then broadcast to ('/job:localhost/replica:0/task:0/device:CPU:0',).
INFO:tensorflow:Reduce to /job:localhost/replica:0/task:0/device:CPU:0 then broadcast to ('/job:localhost/replica:0/task:0/device:CPU:0',).
I1108 10:20:39.750979 140354772289280 cross_device_ops.py:563] Reduce to /job:localhost/replica:0/task:0/device:CPU:0 then broadcast to ('/job:localhost/replica:0/task:0/device:CPU:0',).
INFO:tensorflow:Reduce to /job:localhost/replica:0/task:0/device:CPU:0 then broadcast to ('/job:localhost/replica:0/task:0/device:CPU:0',).
I1108 10:20:39.752213 140354772289280 cross_device_ops.py:563] Reduce to /job:localhost/replica:0/task:0/device:CPU:0 then broadcast to ('/job:localhost/replica:0/task:0/device:CPU:0',).
INFO:tensorflow:Reduce to /job:localhost/replica:0/task:0/device:CPU:0 then broadcast to ('/job:localhost/replica:0/task:0/device:CPU:0',).
I1108 10:20:39.763762 140354772289280 cross_device_ops.py:563] Reduce to /job:localhost/replica:0/task:0/device:CPU:0 then broadcast to ('/job:localhost/replica:0/task:0/device:CPU:0',).
INFO:tensorflow:Reduce to /job:localhost/replica:0/task:0/device:CPU:0 then broadcast to ('/job:localhost/replica:0/task:0/device:CPU:0',).
I1108 10:20:39.764913 140354772289280 cross_device_ops.py:563] Reduce to /job:localhost/replica:0/task:0/device:CPU:0 then broadcast to ('/job:localhost/replica:0/task:0/device:CPU:0',).
INFO:tensorflow:Reduce to /job:localhost/replica:0/task:0/device:CPU:0 then broadcast to ('/job:localhost/replica:0/task:0/device:CPU:0',).
I1108 10:20:39.767351 140354772289280 cross_device_ops.py:563] Reduce to /job:localhost/replica:0/task:0/device:CPU:0 then broadcast to ('/job:localhost/replica:0/task:0/device:CPU:0',).
INFO:tensorflow:Reduce to /job:localhost/replica:0/task:0/device:CPU:0 then broadcast to ('/job:localhost/replica:0/task:0/device:CPU:0',).
I1108 10:20:39.768325 140354772289280 cross_device_ops.py:563] Reduce to /job:localhost/replica:0/task:0/device:CPU:0 then broadcast to ('/job:localhost/replica:0/task:0/device:CPU:0',).
INFO:tensorflow:Reduce to /job:localhost/replica:0/task:0/device:CPU:0 then broadcast to ('/job:localhost/replica:0/task:0/device:CPU:0',).
I1108 10:20:39.778191 140354772289280 cross_device_ops.py:563] Reduce to /job:localhost/replica:0/task:0/device:CPU:0 then broadcast to ('/job:localhost/replica:0/task:0/device:CPU:0',).
INFO:tensorflow:Reduce to /job:localhost/replica:0/task:0/device:CPU:0 then broadcast to ('/job:localhost/replica:0/task:0/device:CPU:0',).
I1108 10:20:39.779592 140354772289280 cross_device_ops.py:563] Reduce to /job:localhost/replica:0/task:0/device:CPU:0 then broadcast to ('/job:localhost/replica:0/task:0/device:CPU:0',).
2021-11-08 10:20:39.930951: I tensorflow/compiler/mlir/mlir_graph_optimization_pass.cc:116] None of the MLIR optimization passes are enabled (registered 2)
2021-11-08 10:20:39.933032: I tensorflow/core/platform/profile_utils/cpu_utils.cc:112] CPU Frequency: 2099905000 Hz
WARNING:tensorflow:AutoGraph could not transform <function call_for_each_replica at 0x7fa69f1a9a60> and will run it as-is.
Please report this to the TensorFlow team. When filing the bug, set the verbosity to 10 (on Linux, `export AUTOGRAPH_VERBOSITY=10`) and attach the full output.
Cause: module 'gast' has no attribute 'Index'
To silence this warning, decorate the function with @tf.autograph.experimental.do_not_convert
W1108 10:20:47.190944 140354772289280 ag_logging.py:146] AutoGraph could not transform <function call_for_each_replica at 0x7fa69f1a9a60> and will run it as-is.
Please report this to the TensorFlow team. When filing the bug, set the verbosity to 10 (on Linux, `export AUTOGRAPH_VERBOSITY=10`) and attach the full output.
Cause: module 'gast' has no attribute 'Index'
To silence this warning, decorate the function with @tf.autograph.experimental.do_not_convert
WARNING:tensorflow:AutoGraph could not transform <function main.<locals>.train_step at 0x7fa4ce5b1f70> and will run it as-is.
Please report this to the TensorFlow team. When filing the bug, set the verbosity to 10 (on Linux, `export AUTOGRAPH_VERBOSITY=10`) and attach the full output.
Cause: module 'gast' has no attribute 'Index'
To silence this warning, decorate the function with @tf.autograph.experimental.do_not_convert
W1108 10:20:47.252616 140319928608512 ag_logging.py:146] AutoGraph could not transform <function main.<locals>.train_step at 0x7fa4ce5b1f70> and will run it as-is.
Please report this to the TensorFlow team. When filing the bug, set the verbosity to 10 (on Linux, `export AUTOGRAPH_VERBOSITY=10`) and attach the full output.
Cause: module 'gast' has no attribute 'Index'
To silence this warning, decorate the function with @tf.autograph.experimental.do_not_convert
INFO:tensorflow:Reduce to /job:localhost/replica:0/task:0/device:GPU:0 then broadcast to ('/job:localhost/replica:0/task:0/device:GPU:0', '/job:localhost/replica:0/task:0/device:GPU:1').
I1108 10:20:47.683938 140354772289280 cross_device_ops.py:563] Reduce to /job:localhost/replica:0/task:0/device:GPU:0 then broadcast to ('/job:localhost/replica:0/task:0/device:GPU:0', '/job:localhost/replica:0/task:0/device:GPU:1').
INFO:tensorflow:Reduce to /job:localhost/replica:0/task:0/device:GPU:0 then broadcast to ('/job:localhost/replica:0/task:0/device:GPU:0', '/job:localhost/replica:0/task:0/device:GPU:1').
I1108 10:20:47.696928 140354772289280 cross_device_ops.py:563] Reduce to /job:localhost/replica:0/task:0/device:GPU:0 then broadcast to ('/job:localhost/replica:0/task:0/device:GPU:0', '/job:localhost/replica:0/task:0/device:GPU:1').
INFO:tensorflow:Reduce to /job:localhost/replica:0/task:0/device:GPU:0 then broadcast to ('/job:localhost/replica:0/task:0/device:GPU:0', '/job:localhost/replica:0/task:0/device:GPU:1').
I1108 10:20:47.708971 140354772289280 cross_device_ops.py:563] Reduce to /job:localhost/replica:0/task:0/device:GPU:0 then broadcast to ('/job:localhost/replica:0/task:0/device:GPU:0', '/job:localhost/replica:0/task:0/device:GPU:1').
INFO:tensorflow:Reduce to /job:localhost/replica:0/task:0/device:GPU:0 then broadcast to ('/job:localhost/replica:0/task:0/device:GPU:0', '/job:localhost/replica:0/task:0/device:GPU:1').
I1108 10:20:48.024687 140354772289280 cross_device_ops.py:563] Reduce to /job:localhost/replica:0/task:0/device:GPU:0 then broadcast to ('/job:localhost/replica:0/task:0/device:GPU:0', '/job:localhost/replica:0/task:0/device:GPU:1').
INFO:tensorflow:Reduce to /job:localhost/replica:0/task:0/device:GPU:0 then broadcast to ('/job:localhost/replica:0/task:0/device:GPU:0', '/job:localhost/replica:0/task:0/device:GPU:1').
I1108 10:20:48.038118 140354772289280 cross_device_ops.py:563] Reduce to /job:localhost/replica:0/task:0/device:GPU:0 then broadcast to ('/job:localhost/replica:0/task:0/device:GPU:0', '/job:localhost/replica:0/task:0/device:GPU:1').
INFO:tensorflow:Reduce to /job:localhost/replica:0/task:0/device:GPU:0 then broadcast to ('/job:localhost/replica:0/task:0/device:GPU:0', '/job:localhost/replica:0/task:0/device:GPU:1').
I1108 10:20:48.048029 140354772289280 cross_device_ops.py:563] Reduce to /job:localhost/replica:0/task:0/device:GPU:0 then broadcast to ('/job:localhost/replica:0/task:0/device:GPU:0', '/job:localhost/replica:0/task:0/device:GPU:1').
INFO:tensorflow:Reduce to /job:localhost/replica:0/task:0/device:GPU:0 then broadcast to ('/job:localhost/replica:0/task:0/device:GPU:0', '/job:localhost/replica:0/task:0/device:GPU:1').
I1108 10:20:48.589186 140354772289280 cross_device_ops.py:563] Reduce to /job:localhost/replica:0/task:0/device:GPU:0 then broadcast to ('/job:localhost/replica:0/task:0/device:GPU:0', '/job:localhost/replica:0/task:0/device:GPU:1').
INFO:tensorflow:Reduce to /job:localhost/replica:0/task:0/device:GPU:0 then broadcast to ('/job:localhost/replica:0/task:0/device:GPU:0', '/job:localhost/replica:0/task:0/device:GPU:1').
I1108 10:20:48.599400 140354772289280 cross_device_ops.py:563] Reduce to /job:localhost/replica:0/task:0/device:GPU:0 then broadcast to ('/job:localhost/replica:0/task:0/device:GPU:0', '/job:localhost/replica:0/task:0/device:GPU:1').
INFO:tensorflow:Reduce to /job:localhost/replica:0/task:0/device:GPU:0 then broadcast to ('/job:localhost/replica:0/task:0/device:GPU:0', '/job:localhost/replica:0/task:0/device:GPU:1').
I1108 10:20:48.608922 140354772289280 cross_device_ops.py:563] Reduce to /job:localhost/replica:0/task:0/device:GPU:0 then broadcast to ('/job:localhost/replica:0/task:0/device:GPU:0', '/job:localhost/replica:0/task:0/device:GPU:1').
INFO:tensorflow:Reduce to /job:localhost/replica:0/task:0/device:GPU:0 then broadcast to ('/job:localhost/replica:0/task:0/device:GPU:0', '/job:localhost/replica:0/task:0/device:GPU:1').
I1108 10:20:48.743009 140354772289280 cross_device_ops.py:563] Reduce to /job:localhost/replica:0/task:0/device:GPU:0 then broadcast to ('/job:localhost/replica:0/task:0/device:GPU:0', '/job:localhost/replica:0/task:0/device:GPU:1').
WARNING:tensorflow:AutoGraph could not transform <bound method ProjectionHead.call of <model.ProjectionHead object at 0x7fa4cf6d3040>> and will run it as-is.
Please report this to the TensorFlow team. When filing the bug, set the verbosity to 10 (on Linux, `export AUTOGRAPH_VERBOSITY=10`) and attach the full output.
Cause: module 'gast' has no attribute 'Index'
To silence this warning, decorate the function with @tf.autograph.experimental.do_not_convert
W1108 10:21:45.394881 140319928608512 ag_logging.py:146] AutoGraph could not transform <bound method ProjectionHead.call of <model.ProjectionHead object at 0x7fa4cf6d3040>> and will run it as-is.
Please report this to the TensorFlow team. When filing the bug, set the verbosity to 10 (on Linux, `export AUTOGRAPH_VERBOSITY=10`) and attach the full output.
Cause: module 'gast' has no attribute 'Index'
To silence this warning, decorate the function with @tf.autograph.experimental.do_not_convert
I1108 10:22:58.620254 140319928608512 run_single_machine.py:725] Trainable variables:
I1108 10:22:58.623971 140319928608512 run_single_machine.py:728] resnet/conv2d_fixed_padding/conv2d/kernel:0
I1108 10:22:58.624087 140319928608512 run_single_machine.py:728] resnet/batch_norm_relu/sync_batch_normalization/gamma:0
I1108 10:22:58.624151 140319928608512 run_single_machine.py:728] resnet/batch_norm_relu/sync_batch_normalization/beta:0
I1108 10:22:58.624208 140319928608512 run_single_machine.py:728] resnet/block_group1/bottleneck_block/conv2d_fixed_padding_1/conv2d_1/kernel:0
I1108 10:22:58.624262 140319928608512 run_single_machine.py:728] resnet/block_group1/bottleneck_block/batch_norm_relu_1/sync_batch_normalization_1/gamma:0
I1108 10:22:58.624314 140319928608512 run_single_machine.py:728] resnet/block_group1/bottleneck_block/batch_norm_relu_1/sync_batch_normalization_1/beta:0
I1108 10:22:58.624366 140319928608512 run_single_machine.py:728] resnet/block_group1/bottleneck_block/conv2d_fixed_padding_2/conv2d_2/kernel:0
I1108 10:22:58.624417 140319928608512 run_single_machine.py:728] resnet/block_group1/bottleneck_block/batch_norm_relu_2/sync_batch_normalization_2/gamma:0
I1108 10:22:58.624468 140319928608512 run_single_machine.py:728] resnet/block_group1/bottleneck_block/batch_norm_relu_2/sync_batch_normalization_2/beta:0
I1108 10:22:58.624518 140319928608512 run_single_machine.py:728] resnet/block_group1/bottleneck_block/conv2d_fixed_padding_3/conv2d_3/kernel:0
I1108 10:22:58.624567 140319928608512 run_single_machine.py:728] resnet/block_group1/bottleneck_block/batch_norm_relu_3/sync_batch_normalization_3/gamma:0
I1108 10:22:58.624616 140319928608512 run_single_machine.py:728] resnet/block_group1/bottleneck_block/batch_norm_relu_3/sync_batch_normalization_3/beta:0
I1108 10:22:58.624666 140319928608512 run_single_machine.py:728] resnet/block_group1/bottleneck_block/conv2d_fixed_padding_4/conv2d_4/kernel:0
I1108 10:22:58.624716 140319928608512 run_single_machine.py:728] resnet/block_group1/bottleneck_block/batch_norm_relu_4/sync_batch_normalization_4/gamma:0
I1108 10:22:58.624766 140319928608512 run_single_machine.py:728] resnet/block_group1/bottleneck_block/batch_norm_relu_4/sync_batch_normalization_4/beta:0
I1108 10:22:58.624816 140319928608512 run_single_machine.py:728] resnet/block_group1/bottleneck_block_1/conv2d_fixed_padding_5/conv2d_5/kernel:0
I1108 10:22:58.624866 140319928608512 run_single_machine.py:728] resnet/block_group1/bottleneck_block_1/batch_norm_relu_5/sync_batch_normalization_5/gamma:0
I1108 10:22:58.624916 140319928608512 run_single_machine.py:728] resnet/block_group1/bottleneck_block_1/batch_norm_relu_5/sync_batch_normalization_5/beta:0
I1108 10:22:58.625048 140319928608512 run_single_machine.py:728] resnet/block_group1/bottleneck_block_1/conv2d_fixed_padding_6/conv2d_6/kernel:0
I1108 10:22:58.625200 140319928608512 run_single_machine.py:728] resnet/block_group1/bottleneck_block_1/batch_norm_relu_6/sync_batch_normalization_6/gamma:0
I1108 10:22:58.625260 140319928608512 run_single_machine.py:728] resnet/block_group1/bottleneck_block_1/batch_norm_relu_6/sync_batch_normalization_6/beta:0
I1108 10:22:58.625313 140319928608512 run_single_machine.py:728] resnet/block_group1/bottleneck_block_1/conv2d_fixed_padding_7/conv2d_7/kernel:0
I1108 10:22:58.625366 140319928608512 run_single_machine.py:728] resnet/block_group1/bottleneck_block_1/batch_norm_relu_7/sync_batch_normalization_7/gamma:0
I1108 10:22:58.625438 140319928608512 run_single_machine.py:728] resnet/block_group1/bottleneck_block_1/batch_norm_relu_7/sync_batch_normalization_7/beta:0
I1108 10:22:58.625490 140319928608512 run_single_machine.py:728] resnet/block_group1/bottleneck_block_2/conv2d_fixed_padding_8/conv2d_8/kernel:0
I1108 10:22:58.625540 140319928608512 run_single_machine.py:728] resnet/block_group1/bottleneck_block_2/batch_norm_relu_8/sync_batch_normalization_8/gamma:0
I1108 10:22:58.625592 140319928608512 run_single_machine.py:728] resnet/block_group1/bottleneck_block_2/batch_norm_relu_8/sync_batch_normalization_8/beta:0
I1108 10:22:58.625643 140319928608512 run_single_machine.py:728] resnet/block_group1/bottleneck_block_2/conv2d_fixed_padding_9/conv2d_9/kernel:0
I1108 10:22:58.625694 140319928608512 run_single_machine.py:728] resnet/block_group1/bottleneck_block_2/batch_norm_relu_9/sync_batch_normalization_9/gamma:0
I1108 10:22:58.625745 140319928608512 run_single_machine.py:728] resnet/block_group1/bottleneck_block_2/batch_norm_relu_9/sync_batch_normalization_9/beta:0
I1108 10:22:58.625796 140319928608512 run_single_machine.py:728] resnet/block_group1/bottleneck_block_2/conv2d_fixed_padding_10/conv2d_10/kernel:0
I1108 10:22:58.625846 140319928608512 run_single_machine.py:728] resnet/block_group1/bottleneck_block_2/batch_norm_relu_10/sync_batch_normalization_10/gamma:0
I1108 10:22:58.625897 140319928608512 run_single_machine.py:728] resnet/block_group1/bottleneck_block_2/batch_norm_relu_10/sync_batch_normalization_10/beta:0
I1108 10:22:58.625948 140319928608512 run_single_machine.py:728] resnet/block_group2/bottleneck_block_3/conv2d_fixed_padding_11/conv2d_11/kernel:0
I1108 10:22:58.625998 140319928608512 run_single_machine.py:728] resnet/block_group2/bottleneck_block_3/batch_norm_relu_11/sync_batch_normalization_11/gamma:0
I1108 10:22:58.626049 140319928608512 run_single_machine.py:728] resnet/block_group2/bottleneck_block_3/batch_norm_relu_11/sync_batch_normalization_11/beta:0
I1108 10:22:58.626100 140319928608512 run_single_machine.py:728] resnet/block_group2/bottleneck_block_3/conv2d_fixed_padding_12/conv2d_12/kernel:0
I1108 10:22:58.626150 140319928608512 run_single_machine.py:728] resnet/block_group2/bottleneck_block_3/batch_norm_relu_12/sync_batch_normalization_12/gamma:0
I1108 10:22:58.626201 140319928608512 run_single_machine.py:728] resnet/block_group2/bottleneck_block_3/batch_norm_relu_12/sync_batch_normalization_12/beta:0
I1108 10:22:58.626251 140319928608512 run_single_machine.py:728] resnet/block_group2/bottleneck_block_3/conv2d_fixed_padding_13/conv2d_13/kernel:0
I1108 10:22:58.626302 140319928608512 run_single_machine.py:728] resnet/block_group2/bottleneck_block_3/batch_norm_relu_13/sync_batch_normalization_13/gamma:0
I1108 10:22:58.626353 140319928608512 run_single_machine.py:728] resnet/block_group2/bottleneck_block_3/batch_norm_relu_13/sync_batch_normalization_13/beta:0
I1108 10:22:58.626405 140319928608512 run_single_machine.py:728] resnet/block_group2/bottleneck_block_3/conv2d_fixed_padding_14/conv2d_14/kernel:0
I1108 10:22:58.626456 140319928608512 run_single_machine.py:728] resnet/block_group2/bottleneck_block_3/batch_norm_relu_14/sync_batch_normalization_14/gamma:0
I1108 10:22:58.626506 140319928608512 run_single_machine.py:728] resnet/block_group2/bottleneck_block_3/batch_norm_relu_14/sync_batch_normalization_14/beta:0
I1108 10:22:58.626557 140319928608512 run_single_machine.py:728] resnet/block_group2/bottleneck_block_4/conv2d_fixed_padding_15/conv2d_15/kernel:0
I1108 10:22:58.626608 140319928608512 run_single_machine.py:728] resnet/block_group2/bottleneck_block_4/batch_norm_relu_15/sync_batch_normalization_15/gamma:0
I1108 10:22:58.626659 140319928608512 run_single_machine.py:728] resnet/block_group2/bottleneck_block_4/batch_norm_relu_15/sync_batch_normalization_15/beta:0
I1108 10:22:58.626709 140319928608512 run_single_machine.py:728] resnet/block_group2/bottleneck_block_4/conv2d_fixed_padding_16/conv2d_16/kernel:0
I1108 10:22:58.626760 140319928608512 run_single_machine.py:728] resnet/block_group2/bottleneck_block_4/batch_norm_relu_16/sync_batch_normalization_16/gamma:0
I1108 10:22:58.626810 140319928608512 run_single_machine.py:728] resnet/block_group2/bottleneck_block_4/batch_norm_relu_16/sync_batch_normalization_16/beta:0
I1108 10:22:58.626860 140319928608512 run_single_machine.py:728] resnet/block_group2/bottleneck_block_4/conv2d_fixed_padding_17/conv2d_17/kernel:0
I1108 10:22:58.626964 140319928608512 run_single_machine.py:728] resnet/block_group2/bottleneck_block_4/batch_norm_relu_17/sync_batch_normalization_17/gamma:0
I1108 10:22:58.627069 140319928608512 run_single_machine.py:728] resnet/block_group2/bottleneck_block_4/batch_norm_relu_17/sync_batch_normalization_17/beta:0
I1108 10:22:58.627142 140319928608512 run_single_machine.py:728] resnet/block_group2/bottleneck_block_5/conv2d_fixed_padding_18/conv2d_18/kernel:0
I1108 10:22:58.627215 140319928608512 run_single_machine.py:728] resnet/block_group2/bottleneck_block_5/batch_norm_relu_18/sync_batch_normalization_18/gamma:0
I1108 10:22:58.627297 140319928608512 run_single_machine.py:728] resnet/block_group2/bottleneck_block_5/batch_norm_relu_18/sync_batch_normalization_18/beta:0
I1108 10:22:58.627368 140319928608512 run_single_machine.py:728] resnet/block_group2/bottleneck_block_5/conv2d_fixed_padding_19/conv2d_19/kernel:0
I1108 10:22:58.627450 140319928608512 run_single_machine.py:728] resnet/block_group2/bottleneck_block_5/batch_norm_relu_19/sync_batch_normalization_19/gamma:0
I1108 10:22:58.627521 140319928608512 run_single_machine.py:728] resnet/block_group2/bottleneck_block_5/batch_norm_relu_19/sync_batch_normalization_19/beta:0
I1108 10:22:58.627600 140319928608512 run_single_machine.py:728] resnet/block_group2/bottleneck_block_5/conv2d_fixed_padding_20/conv2d_20/kernel:0
I1108 10:22:58.627699 140319928608512 run_single_machine.py:728] resnet/block_group2/bottleneck_block_5/batch_norm_relu_20/sync_batch_normalization_20/gamma:0
I1108 10:22:58.627758 140319928608512 run_single_machine.py:728] resnet/block_group2/bottleneck_block_5/batch_norm_relu_20/sync_batch_normalization_20/beta:0
I1108 10:22:58.627815 140319928608512 run_single_machine.py:728] resnet/block_group2/bottleneck_block_6/conv2d_fixed_padding_21/conv2d_21/kernel:0
I1108 10:22:58.627882 140319928608512 run_single_machine.py:728] resnet/block_group2/bottleneck_block_6/batch_norm_relu_21/sync_batch_normalization_21/gamma:0
I1108 10:22:58.627960 140319928608512 run_single_machine.py:728] resnet/block_group2/bottleneck_block_6/batch_norm_relu_21/sync_batch_normalization_21/beta:0
I1108 10:22:58.628021 140319928608512 run_single_machine.py:728] resnet/block_group2/bottleneck_block_6/conv2d_fixed_padding_22/conv2d_22/kernel:0
I1108 10:22:58.628092 140319928608512 run_single_machine.py:728] resnet/block_group2/bottleneck_block_6/batch_norm_relu_22/sync_batch_normalization_22/gamma:0
I1108 10:22:58.628173 140319928608512 run_single_machine.py:728] resnet/block_group2/bottleneck_block_6/batch_norm_relu_22/sync_batch_normalization_22/beta:0
I1108 10:22:58.628251 140319928608512 run_single_machine.py:728] resnet/block_group2/bottleneck_block_6/conv2d_fixed_padding_23/conv2d_23/kernel:0
I1108 10:22:58.628322 140319928608512 run_single_machine.py:728] resnet/block_group2/bottleneck_block_6/batch_norm_relu_23/sync_batch_normalization_23/gamma:0
I1108 10:22:58.628399 140319928608512 run_single_machine.py:728] resnet/block_group2/bottleneck_block_6/batch_norm_relu_23/sync_batch_normalization_23/beta:0
I1108 10:22:58.628470 140319928608512 run_single_machine.py:728] resnet/block_group3/bottleneck_block_7/conv2d_fixed_padding_24/conv2d_24/kernel:0
I1108 10:22:58.628546 140319928608512 run_single_machine.py:728] resnet/block_group3/bottleneck_block_7/batch_norm_relu_24/sync_batch_normalization_24/gamma:0
I1108 10:22:58.628619 140319928608512 run_single_machine.py:728] resnet/block_group3/bottleneck_block_7/batch_norm_relu_24/sync_batch_normalization_24/beta:0
I1108 10:22:58.628695 140319928608512 run_single_machine.py:728] resnet/block_group3/bottleneck_block_7/conv2d_fixed_padding_25/conv2d_25/kernel:0
I1108 10:22:58.628766 140319928608512 run_single_machine.py:728] resnet/block_group3/bottleneck_block_7/batch_norm_relu_25/sync_batch_normalization_25/gamma:0
I1108 10:22:58.628843 140319928608512 run_single_machine.py:728] resnet/block_group3/bottleneck_block_7/batch_norm_relu_25/sync_batch_normalization_25/beta:0
I1108 10:22:58.628916 140319928608512 run_single_machine.py:728] resnet/block_group3/bottleneck_block_7/conv2d_fixed_padding_26/conv2d_26/kernel:0
I1108 10:22:58.628976 140319928608512 run_single_machine.py:728] resnet/block_group3/bottleneck_block_7/batch_norm_relu_26/sync_batch_normalization_26/gamma:0
I1108 10:22:58.629034 140319928608512 run_single_machine.py:728] resnet/block_group3/bottleneck_block_7/batch_norm_relu_26/sync_batch_normalization_26/beta:0
I1108 10:22:58.629115 140319928608512 run_single_machine.py:728] resnet/block_group3/bottleneck_block_7/conv2d_fixed_padding_27/conv2d_27/kernel:0
I1108 10:22:58.629201 140319928608512 run_single_machine.py:728] resnet/block_group3/bottleneck_block_7/batch_norm_relu_27/sync_batch_normalization_27/gamma:0
I1108 10:22:58.629282 140319928608512 run_single_machine.py:728] resnet/block_group3/bottleneck_block_7/batch_norm_relu_27/sync_batch_normalization_27/beta:0
I1108 10:22:58.629368 140319928608512 run_single_machine.py:728] resnet/block_group3/bottleneck_block_8/conv2d_fixed_padding_28/conv2d_28/kernel:0
I1108 10:22:58.629445 140319928608512 run_single_machine.py:728] resnet/block_group3/bottleneck_block_8/batch_norm_relu_28/sync_batch_normalization_28/gamma:0
I1108 10:22:58.629517 140319928608512 run_single_machine.py:728] resnet/block_group3/bottleneck_block_8/batch_norm_relu_28/sync_batch_normalization_28/beta:0
I1108 10:22:58.629594 140319928608512 run_single_machine.py:728] resnet/block_group3/bottleneck_block_8/conv2d_fixed_padding_29/conv2d_29/kernel:0
I1108 10:22:58.629666 140319928608512 run_single_machine.py:728] resnet/block_group3/bottleneck_block_8/batch_norm_relu_29/sync_batch_normalization_29/gamma:0
I1108 10:22:58.629743 140319928608512 run_single_machine.py:728] resnet/block_group3/bottleneck_block_8/batch_norm_relu_29/sync_batch_normalization_29/beta:0
I1108 10:22:58.629819 140319928608512 run_single_machine.py:728] resnet/block_group3/bottleneck_block_8/conv2d_fixed_padding_30/conv2d_30/kernel:0
I1108 10:22:58.629897 140319928608512 run_single_machine.py:728] resnet/block_group3/bottleneck_block_8/batch_norm_relu_30/sync_batch_normalization_30/gamma:0
I1108 10:22:58.629992 140319928608512 run_single_machine.py:728] resnet/block_group3/bottleneck_block_8/batch_norm_relu_30/sync_batch_normalization_30/beta:0
I1108 10:22:58.630100 140319928608512 run_single_machine.py:728] resnet/block_group3/bottleneck_block_9/conv2d_fixed_padding_31/conv2d_31/kernel:0
I1108 10:22:58.630198 140319928608512 run_single_machine.py:728] resnet/block_group3/bottleneck_block_9/batch_norm_relu_31/sync_batch_normalization_31/gamma:0
I1108 10:22:58.630266 140319928608512 run_single_machine.py:728] resnet/block_group3/bottleneck_block_9/batch_norm_relu_31/sync_batch_normalization_31/beta:0
I1108 10:22:58.630340 140319928608512 run_single_machine.py:728] resnet/block_group3/bottleneck_block_9/conv2d_fixed_padding_32/conv2d_32/kernel:0
I1108 10:22:58.630408 140319928608512 run_single_machine.py:728] resnet/block_group3/bottleneck_block_9/batch_norm_relu_32/sync_batch_normalization_32/gamma:0
I1108 10:22:58.630482 140319928608512 run_single_machine.py:728] resnet/block_group3/bottleneck_block_9/batch_norm_relu_32/sync_batch_normalization_32/beta:0
I1108 10:22:58.630550 140319928608512 run_single_machine.py:728] resnet/block_group3/bottleneck_block_9/conv2d_fixed_padding_33/conv2d_33/kernel:0
I1108 10:22:58.630624 140319928608512 run_single_machine.py:728] resnet/block_group3/bottleneck_block_9/batch_norm_relu_33/sync_batch_normalization_33/gamma:0
I1108 10:22:58.630691 140319928608512 run_single_machine.py:728] resnet/block_group3/bottleneck_block_9/batch_norm_relu_33/sync_batch_normalization_33/beta:0
I1108 10:22:58.630764 140319928608512 run_single_machine.py:728] resnet/block_group3/bottleneck_block_10/conv2d_fixed_padding_34/conv2d_34/kernel:0
I1108 10:22:58.630831 140319928608512 run_single_machine.py:728] resnet/block_group3/bottleneck_block_10/batch_norm_relu_34/sync_batch_normalization_34/gamma:0
I1108 10:22:58.630909 140319928608512 run_single_machine.py:728] resnet/block_group3/bottleneck_block_10/batch_norm_relu_34/sync_batch_normalization_34/beta:0
I1108 10:22:58.630976 140319928608512 run_single_machine.py:728] resnet/block_group3/bottleneck_block_10/conv2d_fixed_padding_35/conv2d_35/kernel:0
I1108 10:22:58.631050 140319928608512 run_single_machine.py:728] resnet/block_group3/bottleneck_block_10/batch_norm_relu_35/sync_batch_normalization_35/gamma:0
I1108 10:22:58.631117 140319928608512 run_single_machine.py:728] resnet/block_group3/bottleneck_block_10/batch_norm_relu_35/sync_batch_normalization_35/beta:0
I1108 10:22:58.631214 140319928608512 run_single_machine.py:728] resnet/block_group3/bottleneck_block_10/conv2d_fixed_padding_36/conv2d_36/kernel:0
I1108 10:22:58.631320 140319928608512 run_single_machine.py:728] resnet/block_group3/bottleneck_block_10/batch_norm_relu_36/sync_batch_normalization_36/gamma:0
I1108 10:22:58.631386 140319928608512 run_single_machine.py:728] resnet/block_group3/bottleneck_block_10/batch_norm_relu_36/sync_batch_normalization_36/beta:0
I1108 10:22:58.631490 140319928608512 run_single_machine.py:728] resnet/block_group3/bottleneck_block_11/conv2d_fixed_padding_37/conv2d_37/kernel:0
I1108 10:22:58.631624 140319928608512 run_single_machine.py:728] resnet/block_group3/bottleneck_block_11/batch_norm_relu_37/sync_batch_normalization_37/gamma:0
I1108 10:22:58.631787 140319928608512 run_single_machine.py:728] resnet/block_group3/bottleneck_block_11/batch_norm_relu_37/sync_batch_normalization_37/beta:0
I1108 10:22:58.631940 140319928608512 run_single_machine.py:728] resnet/block_group3/bottleneck_block_11/conv2d_fixed_padding_38/conv2d_38/kernel:0
I1108 10:22:58.632100 140319928608512 run_single_machine.py:728] resnet/block_group3/bottleneck_block_11/batch_norm_relu_38/sync_batch_normalization_38/gamma:0
I1108 10:22:58.632251 140319928608512 run_single_machine.py:728] resnet/block_group3/bottleneck_block_11/batch_norm_relu_38/sync_batch_normalization_38/beta:0
I1108 10:22:58.632330 140319928608512 run_single_machine.py:728] resnet/block_group3/bottleneck_block_11/conv2d_fixed_padding_39/conv2d_39/kernel:0
I1108 10:22:58.632388 140319928608512 run_single_machine.py:728] resnet/block_group3/bottleneck_block_11/batch_norm_relu_39/sync_batch_normalization_39/gamma:0
I1108 10:22:58.632443 140319928608512 run_single_machine.py:728] resnet/block_group3/bottleneck_block_11/batch_norm_relu_39/sync_batch_normalization_39/beta:0
I1108 10:22:58.632497 140319928608512 run_single_machine.py:728] resnet/block_group3/bottleneck_block_12/conv2d_fixed_padding_40/conv2d_40/kernel:0
I1108 10:22:58.632550 140319928608512 run_single_machine.py:728] resnet/block_group3/bottleneck_block_12/batch_norm_relu_40/sync_batch_normalization_40/gamma:0
I1108 10:22:58.632604 140319928608512 run_single_machine.py:728] resnet/block_group3/bottleneck_block_12/batch_norm_relu_40/sync_batch_normalization_40/beta:0
I1108 10:22:58.632658 140319928608512 run_single_machine.py:728] resnet/block_group3/bottleneck_block_12/conv2d_fixed_padding_41/conv2d_41/kernel:0
I1108 10:22:58.632712 140319928608512 run_single_machine.py:728] resnet/block_group3/bottleneck_block_12/batch_norm_relu_41/sync_batch_normalization_41/gamma:0
I1108 10:22:58.632766 140319928608512 run_single_machine.py:728] resnet/block_group3/bottleneck_block_12/batch_norm_relu_41/sync_batch_normalization_41/beta:0
I1108 10:22:58.632819 140319928608512 run_single_machine.py:728] resnet/block_group3/bottleneck_block_12/conv2d_fixed_padding_42/conv2d_42/kernel:0
I1108 10:22:58.632873 140319928608512 run_single_machine.py:728] resnet/block_group3/bottleneck_block_12/batch_norm_relu_42/sync_batch_normalization_42/gamma:0
I1108 10:22:58.632926 140319928608512 run_single_machine.py:728] resnet/block_group3/bottleneck_block_12/batch_norm_relu_42/sync_batch_normalization_42/beta:0
I1108 10:22:58.632980 140319928608512 run_single_machine.py:728] resnet/block_group4/bottleneck_block_13/conv2d_fixed_padding_43/conv2d_43/kernel:0
I1108 10:22:58.633034 140319928608512 run_single_machine.py:728] resnet/block_group4/bottleneck_block_13/batch_norm_relu_43/sync_batch_normalization_43/gamma:0
I1108 10:22:58.633088 140319928608512 run_single_machine.py:728] resnet/block_group4/bottleneck_block_13/batch_norm_relu_43/sync_batch_normalization_43/beta:0
I1108 10:22:58.633143 140319928608512 run_single_machine.py:728] resnet/block_group4/bottleneck_block_13/conv2d_fixed_padding_44/conv2d_44/kernel:0
I1108 10:22:58.633197 140319928608512 run_single_machine.py:728] resnet/block_group4/bottleneck_block_13/batch_norm_relu_44/sync_batch_normalization_44/gamma:0
I1108 10:22:58.633251 140319928608512 run_single_machine.py:728] resnet/block_group4/bottleneck_block_13/batch_norm_relu_44/sync_batch_normalization_44/beta:0
I1108 10:22:58.633305 140319928608512 run_single_machine.py:728] resnet/block_group4/bottleneck_block_13/conv2d_fixed_padding_45/conv2d_45/kernel:0
I1108 10:22:58.633359 140319928608512 run_single_machine.py:728] resnet/block_group4/bottleneck_block_13/batch_norm_relu_45/sync_batch_normalization_45/gamma:0
I1108 10:22:58.633412 140319928608512 run_single_machine.py:728] resnet/block_group4/bottleneck_block_13/batch_norm_relu_45/sync_batch_normalization_45/beta:0
I1108 10:22:58.633465 140319928608512 run_single_machine.py:728] resnet/block_group4/bottleneck_block_13/conv2d_fixed_padding_46/conv2d_46/kernel:0
I1108 10:22:58.633518 140319928608512 run_single_machine.py:728] resnet/block_group4/bottleneck_block_13/batch_norm_relu_46/sync_batch_normalization_46/gamma:0
I1108 10:22:58.633572 140319928608512 run_single_machine.py:728] resnet/block_group4/bottleneck_block_13/batch_norm_relu_46/sync_batch_normalization_46/beta:0
I1108 10:22:58.633626 140319928608512 run_single_machine.py:728] resnet/block_group4/bottleneck_block_14/conv2d_fixed_padding_47/conv2d_47/kernel:0
I1108 10:22:58.633678 140319928608512 run_single_machine.py:728] resnet/block_group4/bottleneck_block_14/batch_norm_relu_47/sync_batch_normalization_47/gamma:0
I1108 10:22:58.633730 140319928608512 run_single_machine.py:728] resnet/block_group4/bottleneck_block_14/batch_norm_relu_47/sync_batch_normalization_47/beta:0
I1108 10:22:58.633784 140319928608512 run_single_machine.py:728] resnet/block_group4/bottleneck_block_14/conv2d_fixed_padding_48/conv2d_48/kernel:0
I1108 10:22:58.633837 140319928608512 run_single_machine.py:728] resnet/block_group4/bottleneck_block_14/batch_norm_relu_48/sync_batch_normalization_48/gamma:0
I1108 10:22:58.633890 140319928608512 run_single_machine.py:728] resnet/block_group4/bottleneck_block_14/batch_norm_relu_48/sync_batch_normalization_48/beta:0
I1108 10:22:58.633944 140319928608512 run_single_machine.py:728] resnet/block_group4/bottleneck_block_14/conv2d_fixed_padding_49/conv2d_49/kernel:0
I1108 10:22:58.633996 140319928608512 run_single_machine.py:728] resnet/block_group4/bottleneck_block_14/batch_norm_relu_49/sync_batch_normalization_49/gamma:0
I1108 10:22:58.634050 140319928608512 run_single_machine.py:728] resnet/block_group4/bottleneck_block_14/batch_norm_relu_49/sync_batch_normalization_49/beta:0
I1108 10:22:58.634103 140319928608512 run_single_machine.py:728] resnet/block_group4/bottleneck_block_15/conv2d_fixed_padding_50/conv2d_50/kernel:0
I1108 10:22:58.634157 140319928608512 run_single_machine.py:728] resnet/block_group4/bottleneck_block_15/batch_norm_relu_50/sync_batch_normalization_50/gamma:0
I1108 10:22:58.634211 140319928608512 run_single_machine.py:728] resnet/block_group4/bottleneck_block_15/batch_norm_relu_50/sync_batch_normalization_50/beta:0
I1108 10:22:58.634264 140319928608512 run_single_machine.py:728] resnet/block_group4/bottleneck_block_15/conv2d_fixed_padding_51/conv2d_51/kernel:0
I1108 10:22:58.634318 140319928608512 run_single_machine.py:728] resnet/block_group4/bottleneck_block_15/batch_norm_relu_51/sync_batch_normalization_51/gamma:0
I1108 10:22:58.634370 140319928608512 run_single_machine.py:728] resnet/block_group4/bottleneck_block_15/batch_norm_relu_51/sync_batch_normalization_51/beta:0
I1108 10:22:58.634424 140319928608512 run_single_machine.py:728] resnet/block_group4/bottleneck_block_15/conv2d_fixed_padding_52/conv2d_52/kernel:0
I1108 10:22:58.634478 140319928608512 run_single_machine.py:728] resnet/block_group4/bottleneck_block_15/batch_norm_relu_52/sync_batch_normalization_52/gamma:0
I1108 10:22:58.634531 140319928608512 run_single_machine.py:728] resnet/block_group4/bottleneck_block_15/batch_norm_relu_52/sync_batch_normalization_52/beta:0
I1108 10:22:58.634585 140319928608512 run_single_machine.py:728] projection_head/nl_0/batch_norm_relu_53/sync_batch_normalization_53/gamma:0
I1108 10:22:58.634639 140319928608512 run_single_machine.py:728] projection_head/nl_0/batch_norm_relu_53/sync_batch_normalization_53/beta:0
I1108 10:22:58.634694 140319928608512 run_single_machine.py:728] projection_head/nl_0/dense/kernel:0
I1108 10:22:58.634748 140319928608512 run_single_machine.py:728] projection_head/nl_1/batch_norm_relu_54/sync_batch_normalization_54/gamma:0
I1108 10:22:58.634802 140319928608512 run_single_machine.py:728] projection_head/nl_1/batch_norm_relu_54/sync_batch_normalization_54/beta:0
I1108 10:22:58.634856 140319928608512 run_single_machine.py:728] projection_head/nl_1/dense_1/kernel:0
I1108 10:22:58.634910 140319928608512 run_single_machine.py:728] projection_head/nl_2/batch_norm_relu_55/sync_batch_normalization_55/gamma:0
I1108 10:22:58.634963 140319928608512 run_single_machine.py:728] projection_head/nl_2/dense_2/kernel:0
I1108 10:22:58.635020 140319928608512 run_single_machine.py:728] head_supervised/linear_layer/dense_3/kernel:0
I1108 10:22:58.635147 140319928608512 run_single_machine.py:728] head_supervised/linear_layer/dense_3/bias:0
I1108 10:22:59.513891 140319920215808 run_single_machine.py:725] Trainable variables:
I1108 10:22:59.520875 140319920215808 run_single_machine.py:728] resnet/conv2d_fixed_padding/conv2d/kernel:0
I1108 10:22:59.521173 140319920215808 run_single_machine.py:728] resnet/batch_norm_relu/sync_batch_normalization/gamma:0
I1108 10:22:59.521344 140319920215808 run_single_machine.py:728] resnet/batch_norm_relu/sync_batch_normalization/beta:0
I1108 10:22:59.521493 140319920215808 run_single_machine.py:728] resnet/block_group1/bottleneck_block/conv2d_fixed_padding_1/conv2d_1/kernel:0
I1108 10:22:59.521634 140319920215808 run_single_machine.py:728] resnet/block_group1/bottleneck_block/batch_norm_relu_1/sync_batch_normalization_1/gamma:0
I1108 10:22:59.521767 140319920215808 run_single_machine.py:728] resnet/block_group1/bottleneck_block/batch_norm_relu_1/sync_batch_normalization_1/beta:0
I1108 10:22:59.521897 140319920215808 run_single_machine.py:728] resnet/block_group1/bottleneck_block/conv2d_fixed_padding_2/conv2d_2/kernel:0
I1108 10:22:59.522024 140319920215808 run_single_machine.py:728] resnet/block_group1/bottleneck_block/batch_norm_relu_2/sync_batch_normalization_2/gamma:0
I1108 10:22:59.522150 140319920215808 run_single_machine.py:728] resnet/block_group1/bottleneck_block/batch_norm_relu_2/sync_batch_normalization_2/beta:0
I1108 10:22:59.522272 140319920215808 run_single_machine.py:728] resnet/block_group1/bottleneck_block/conv2d_fixed_padding_3/conv2d_3/kernel:0
I1108 10:22:59.522394 140319920215808 run_single_machine.py:728] resnet/block_group1/bottleneck_block/batch_norm_relu_3/sync_batch_normalization_3/gamma:0
I1108 10:22:59.522515 140319920215808 run_single_machine.py:728] resnet/block_group1/bottleneck_block/batch_norm_relu_3/sync_batch_normalization_3/beta:0
I1108 10:22:59.522635 140319920215808 run_single_machine.py:728] resnet/block_group1/bottleneck_block/conv2d_fixed_padding_4/conv2d_4/kernel:0
I1108 10:22:59.522756 140319920215808 run_single_machine.py:728] resnet/block_group1/bottleneck_block/batch_norm_relu_4/sync_batch_normalization_4/gamma:0
I1108 10:22:59.522876 140319920215808 run_single_machine.py:728] resnet/block_group1/bottleneck_block/batch_norm_relu_4/sync_batch_normalization_4/beta:0
I1108 10:22:59.522997 140319920215808 run_single_machine.py:728] resnet/block_group1/bottleneck_block_1/conv2d_fixed_padding_5/conv2d_5/kernel:0
I1108 10:22:59.523118 140319920215808 run_single_machine.py:728] resnet/block_group1/bottleneck_block_1/batch_norm_relu_5/sync_batch_normalization_5/gamma:0
I1108 10:22:59.523239 140319920215808 run_single_machine.py:728] resnet/block_group1/bottleneck_block_1/batch_norm_relu_5/sync_batch_normalization_5/beta:0
I1108 10:22:59.523360 140319920215808 run_single_machine.py:728] resnet/block_group1/bottleneck_block_1/conv2d_fixed_padding_6/conv2d_6/kernel:0
I1108 10:22:59.523481 140319920215808 run_single_machine.py:728] resnet/block_group1/bottleneck_block_1/batch_norm_relu_6/sync_batch_normalization_6/gamma:0
I1108 10:22:59.523602 140319920215808 run_single_machine.py:728] resnet/block_group1/bottleneck_block_1/batch_norm_relu_6/sync_batch_normalization_6/beta:0
I1108 10:22:59.523755 140319920215808 run_single_machine.py:728] resnet/block_group1/bottleneck_block_1/conv2d_fixed_padding_7/conv2d_7/kernel:0
I1108 10:22:59.523844 140319920215808 run_single_machine.py:728] resnet/block_group1/bottleneck_block_1/batch_norm_relu_7/sync_batch_normalization_7/gamma:0
I1108 10:22:59.523942 140319920215808 run_single_machine.py:728] resnet/block_group1/bottleneck_block_1/batch_norm_relu_7/sync_batch_normalization_7/beta:0
I1108 10:22:59.524073 140319920215808 run_single_machine.py:728] resnet/block_group1/bottleneck_block_2/conv2d_fixed_padding_8/conv2d_8/kernel:0
I1108 10:22:59.524194 140319920215808 run_single_machine.py:728] resnet/block_group1/bottleneck_block_2/batch_norm_relu_8/sync_batch_normalization_8/gamma:0
I1108 10:22:59.524315 140319920215808 run_single_machine.py:728] resnet/block_group1/bottleneck_block_2/batch_norm_relu_8/sync_batch_normalization_8/beta:0
I1108 10:22:59.524435 140319920215808 run_single_machine.py:728] resnet/block_group1/bottleneck_block_2/conv2d_fixed_padding_9/conv2d_9/kernel:0
I1108 10:22:59.524555 140319920215808 run_single_machine.py:728] resnet/block_group1/bottleneck_block_2/batch_norm_relu_9/sync_batch_normalization_9/gamma:0
I1108 10:22:59.524674 140319920215808 run_single_machine.py:728] resnet/block_group1/bottleneck_block_2/batch_norm_relu_9/sync_batch_normalization_9/beta:0
I1108 10:22:59.524794 140319920215808 run_single_machine.py:728] resnet/block_group1/bottleneck_block_2/conv2d_fixed_padding_10/conv2d_10/kernel:0
I1108 10:22:59.524915 140319920215808 run_single_machine.py:728] resnet/block_group1/bottleneck_block_2/batch_norm_relu_10/sync_batch_normalization_10/gamma:0
I1108 10:22:59.525043 140319920215808 run_single_machine.py:728] resnet/block_group1/bottleneck_block_2/batch_norm_relu_10/sync_batch_normalization_10/beta:0
I1108 10:22:59.525164 140319920215808 run_single_machine.py:728] resnet/block_group2/bottleneck_block_3/conv2d_fixed_padding_11/conv2d_11/kernel:0
I1108 10:22:59.525283 140319920215808 run_single_machine.py:728] resnet/block_group2/bottleneck_block_3/batch_norm_relu_11/sync_batch_normalization_11/gamma:0
I1108 10:22:59.525403 140319920215808 run_single_machine.py:728] resnet/block_group2/bottleneck_block_3/batch_norm_relu_11/sync_batch_normalization_11/beta:0
I1108 10:22:59.525523 140319920215808 run_single_machine.py:728] resnet/block_group2/bottleneck_block_3/conv2d_fixed_padding_12/conv2d_12/kernel:0
I1108 10:22:59.525644 140319920215808 run_single_machine.py:728] resnet/block_group2/bottleneck_block_3/batch_norm_relu_12/sync_batch_normalization_12/gamma:0
I1108 10:22:59.525764 140319920215808 run_single_machine.py:728] resnet/block_group2/bottleneck_block_3/batch_norm_relu_12/sync_batch_normalization_12/beta:0
I1108 10:22:59.525884 140319920215808 run_single_machine.py:728] resnet/block_group2/bottleneck_block_3/conv2d_fixed_padding_13/conv2d_13/kernel:0
I1108 10:22:59.526003 140319920215808 run_single_machine.py:728] resnet/block_group2/bottleneck_block_3/batch_norm_relu_13/sync_batch_normalization_13/gamma:0
I1108 10:22:59.526123 140319920215808 run_single_machine.py:728] resnet/block_group2/bottleneck_block_3/batch_norm_relu_13/sync_batch_normalization_13/beta:0
I1108 10:22:59.526243 140319920215808 run_single_machine.py:728] resnet/block_group2/bottleneck_block_3/conv2d_fixed_padding_14/conv2d_14/kernel:0
I1108 10:22:59.526363 140319920215808 run_single_machine.py:728] resnet/block_group2/bottleneck_block_3/batch_norm_relu_14/sync_batch_normalization_14/gamma:0
I1108 10:22:59.526483 140319920215808 run_single_machine.py:728] resnet/block_group2/bottleneck_block_3/batch_norm_relu_14/sync_batch_normalization_14/beta:0
I1108 10:22:59.526603 140319920215808 run_single_machine.py:728] resnet/block_group2/bottleneck_block_4/conv2d_fixed_padding_15/conv2d_15/kernel:0
I1108 10:22:59.526724 140319920215808 run_single_machine.py:728] resnet/block_group2/bottleneck_block_4/batch_norm_relu_15/sync_batch_normalization_15/gamma:0
I1108 10:22:59.526843 140319920215808 run_single_machine.py:728] resnet/block_group2/bottleneck_block_4/batch_norm_relu_15/sync_batch_normalization_15/beta:0
I1108 10:22:59.526962 140319920215808 run_single_machine.py:728] resnet/block_group2/bottleneck_block_4/conv2d_fixed_padding_16/conv2d_16/kernel:0
I1108 10:22:59.527082 140319920215808 run_single_machine.py:728] resnet/block_group2/bottleneck_block_4/batch_norm_relu_16/sync_batch_normalization_16/gamma:0
I1108 10:22:59.527202 140319920215808 run_single_machine.py:728] resnet/block_group2/bottleneck_block_4/batch_norm_relu_16/sync_batch_normalization_16/beta:0
I1108 10:22:59.527321 140319920215808 run_single_machine.py:728] resnet/block_group2/bottleneck_block_4/conv2d_fixed_padding_17/conv2d_17/kernel:0
I1108 10:22:59.527446 140319920215808 run_single_machine.py:728] resnet/block_group2/bottleneck_block_4/batch_norm_relu_17/sync_batch_normalization_17/gamma:0
I1108 10:22:59.527567 140319920215808 run_single_machine.py:728] resnet/block_group2/bottleneck_block_4/batch_norm_relu_17/sync_batch_normalization_17/beta:0
I1108 10:22:59.527705 140319920215808 run_single_machine.py:728] resnet/block_group2/bottleneck_block_5/conv2d_fixed_padding_18/conv2d_18/kernel:0
I1108 10:22:59.527830 140319920215808 run_single_machine.py:728] resnet/block_group2/bottleneck_block_5/batch_norm_relu_18/sync_batch_normalization_18/gamma:0
I1108 10:22:59.527961 140319920215808 run_single_machine.py:728] resnet/block_group2/bottleneck_block_5/batch_norm_relu_18/sync_batch_normalization_18/beta:0
I1108 10:22:59.528069 140319920215808 run_single_machine.py:728] resnet/block_group2/bottleneck_block_5/conv2d_fixed_padding_19/conv2d_19/kernel:0
I1108 10:22:59.528177 140319920215808 run_single_machine.py:728] resnet/block_group2/bottleneck_block_5/batch_norm_relu_19/sync_batch_normalization_19/gamma:0
I1108 10:22:59.528285 140319920215808 run_single_machine.py:728] resnet/block_group2/bottleneck_block_5/batch_norm_relu_19/sync_batch_normalization_19/beta:0
I1108 10:22:59.528393 140319920215808 run_single_machine.py:728] resnet/block_group2/bottleneck_block_5/conv2d_fixed_padding_20/conv2d_20/kernel:0
I1108 10:22:59.528502 140319920215808 run_single_machine.py:728] resnet/block_group2/bottleneck_block_5/batch_norm_relu_20/sync_batch_normalization_20/gamma:0
I1108 10:22:59.528611 140319920215808 run_single_machine.py:728] resnet/block_group2/bottleneck_block_5/batch_norm_relu_20/sync_batch_normalization_20/beta:0
I1108 10:22:59.528720 140319920215808 run_single_machine.py:728] resnet/block_group2/bottleneck_block_6/conv2d_fixed_padding_21/conv2d_21/kernel:0
I1108 10:22:59.528827 140319920215808 run_single_machine.py:728] resnet/block_group2/bottleneck_block_6/batch_norm_relu_21/sync_batch_normalization_21/gamma:0
I1108 10:22:59.528935 140319920215808 run_single_machine.py:728] resnet/block_group2/bottleneck_block_6/batch_norm_relu_21/sync_batch_normalization_21/beta:0
I1108 10:22:59.529042 140319920215808 run_single_machine.py:728] resnet/block_group2/bottleneck_block_6/conv2d_fixed_padding_22/conv2d_22/kernel:0
I1108 10:22:59.529150 140319920215808 run_single_machine.py:728] resnet/block_group2/bottleneck_block_6/batch_norm_relu_22/sync_batch_normalization_22/gamma:0
I1108 10:22:59.529256 140319920215808 run_single_machine.py:728] resnet/block_group2/bottleneck_block_6/batch_norm_relu_22/sync_batch_normalization_22/beta:0
I1108 10:22:59.529365 140319920215808 run_single_machine.py:728] resnet/block_group2/bottleneck_block_6/conv2d_fixed_padding_23/conv2d_23/kernel:0
I1108 10:22:59.529473 140319920215808 run_single_machine.py:728] resnet/block_group2/bottleneck_block_6/batch_norm_relu_23/sync_batch_normalization_23/gamma:0
I1108 10:22:59.529582 140319920215808 run_single_machine.py:728] resnet/block_group2/bottleneck_block_6/batch_norm_relu_23/sync_batch_normalization_23/beta:0
I1108 10:22:59.529696 140319920215808 run_single_machine.py:728] resnet/block_group3/bottleneck_block_7/conv2d_fixed_padding_24/conv2d_24/kernel:0
I1108 10:22:59.529806 140319920215808 run_single_machine.py:728] resnet/block_group3/bottleneck_block_7/batch_norm_relu_24/sync_batch_normalization_24/gamma:0
I1108 10:22:59.529915 140319920215808 run_single_machine.py:728] resnet/block_group3/bottleneck_block_7/batch_norm_relu_24/sync_batch_normalization_24/beta:0
I1108 10:22:59.530038 140319920215808 run_single_machine.py:728] resnet/block_group3/bottleneck_block_7/conv2d_fixed_padding_25/conv2d_25/kernel:0
I1108 10:22:59.530148 140319920215808 run_single_machine.py:728] resnet/block_group3/bottleneck_block_7/batch_norm_relu_25/sync_batch_normalization_25/gamma:0
I1108 10:22:59.530257 140319920215808 run_single_machine.py:728] resnet/block_group3/bottleneck_block_7/batch_norm_relu_25/sync_batch_normalization_25/beta:0
I1108 10:22:59.530372 140319920215808 run_single_machine.py:728] resnet/block_group3/bottleneck_block_7/conv2d_fixed_padding_26/conv2d_26/kernel:0
I1108 10:22:59.530483 140319920215808 run_single_machine.py:728] resnet/block_group3/bottleneck_block_7/batch_norm_relu_26/sync_batch_normalization_26/gamma:0
I1108 10:22:59.530593 140319920215808 run_single_machine.py:728] resnet/block_group3/bottleneck_block_7/batch_norm_relu_26/sync_batch_normalization_26/beta:0
I1108 10:22:59.530703 140319920215808 run_single_machine.py:728] resnet/block_group3/bottleneck_block_7/conv2d_fixed_padding_27/conv2d_27/kernel:0
I1108 10:22:59.530813 140319920215808 run_single_machine.py:728] resnet/block_group3/bottleneck_block_7/batch_norm_relu_27/sync_batch_normalization_27/gamma:0
I1108 10:22:59.530922 140319920215808 run_single_machine.py:728] resnet/block_group3/bottleneck_block_7/batch_norm_relu_27/sync_batch_normalization_27/beta:0
I1108 10:22:59.531032 140319920215808 run_single_machine.py:728] resnet/block_group3/bottleneck_block_8/conv2d_fixed_padding_28/conv2d_28/kernel:0
I1108 10:22:59.531141 140319920215808 run_single_machine.py:728] resnet/block_group3/bottleneck_block_8/batch_norm_relu_28/sync_batch_normalization_28/gamma:0
I1108 10:22:59.531251 140319920215808 run_single_machine.py:728] resnet/block_group3/bottleneck_block_8/batch_norm_relu_28/sync_batch_normalization_28/beta:0
I1108 10:22:59.531362 140319920215808 run_single_machine.py:728] resnet/block_group3/bottleneck_block_8/conv2d_fixed_padding_29/conv2d_29/kernel:0
I1108 10:22:59.531472 140319920215808 run_single_machine.py:728] resnet/block_group3/bottleneck_block_8/batch_norm_relu_29/sync_batch_normalization_29/gamma:0
I1108 10:22:59.531582 140319920215808 run_single_machine.py:728] resnet/block_group3/bottleneck_block_8/batch_norm_relu_29/sync_batch_normalization_29/beta:0
I1108 10:22:59.531702 140319920215808 run_single_machine.py:728] resnet/block_group3/bottleneck_block_8/conv2d_fixed_padding_30/conv2d_30/kernel:0
I1108 10:22:59.531815 140319920215808 run_single_machine.py:728] resnet/block_group3/bottleneck_block_8/batch_norm_relu_30/sync_batch_normalization_30/gamma:0
I1108 10:22:59.531916 140319920215808 run_single_machine.py:728] resnet/block_group3/bottleneck_block_8/batch_norm_relu_30/sync_batch_normalization_30/beta:0
I1108 10:22:59.532014 140319920215808 run_single_machine.py:728] resnet/block_group3/bottleneck_block_9/conv2d_fixed_padding_31/conv2d_31/kernel:0
I1108 10:22:59.532112 140319920215808 run_single_machine.py:728] resnet/block_group3/bottleneck_block_9/batch_norm_relu_31/sync_batch_normalization_31/gamma:0
I1108 10:22:59.532210 140319920215808 run_single_machine.py:728] resnet/block_group3/bottleneck_block_9/batch_norm_relu_31/sync_batch_normalization_31/beta:0
I1108 10:22:59.532307 140319920215808 run_single_machine.py:728] resnet/block_group3/bottleneck_block_9/conv2d_fixed_padding_32/conv2d_32/kernel:0
I1108 10:22:59.532404 140319920215808 run_single_machine.py:728] resnet/block_group3/bottleneck_block_9/batch_norm_relu_32/sync_batch_normalization_32/gamma:0
I1108 10:22:59.532503 140319920215808 run_single_machine.py:728] resnet/block_group3/bottleneck_block_9/batch_norm_relu_32/sync_batch_normalization_32/beta:0
I1108 10:22:59.532599 140319920215808 run_single_machine.py:728] resnet/block_group3/bottleneck_block_9/conv2d_fixed_padding_33/conv2d_33/kernel:0
I1108 10:22:59.532695 140319920215808 run_single_machine.py:728] resnet/block_group3/bottleneck_block_9/batch_norm_relu_33/sync_batch_normalization_33/gamma:0
I1108 10:22:59.532800 140319920215808 run_single_machine.py:728] resnet/block_group3/bottleneck_block_9/batch_norm_relu_33/sync_batch_normalization_33/beta:0
I1108 10:22:59.532896 140319920215808 run_single_machine.py:728] resnet/block_group3/bottleneck_block_10/conv2d_fixed_padding_34/conv2d_34/kernel:0
I1108 10:22:59.532991 140319920215808 run_single_machine.py:728] resnet/block_group3/bottleneck_block_10/batch_norm_relu_34/sync_batch_normalization_34/gamma:0
I1108 10:22:59.533097 140319920215808 run_single_machine.py:728] resnet/block_group3/bottleneck_block_10/batch_norm_relu_34/sync_batch_normalization_34/beta:0
I1108 10:22:59.533194 140319920215808 run_single_machine.py:728] resnet/block_group3/bottleneck_block_10/conv2d_fixed_padding_35/conv2d_35/kernel:0
I1108 10:22:59.533289 140319920215808 run_single_machine.py:728] resnet/block_group3/bottleneck_block_10/batch_norm_relu_35/sync_batch_normalization_35/gamma:0
I1108 10:22:59.533387 140319920215808 run_single_machine.py:728] resnet/block_group3/bottleneck_block_10/batch_norm_relu_35/sync_batch_normalization_35/beta:0
I1108 10:22:59.533484 140319920215808 run_single_machine.py:728] resnet/block_group3/bottleneck_block_10/conv2d_fixed_padding_36/conv2d_36/kernel:0
I1108 10:22:59.533590 140319920215808 run_single_machine.py:728] resnet/block_group3/bottleneck_block_10/batch_norm_relu_36/sync_batch_normalization_36/gamma:0
I1108 10:22:59.533685 140319920215808 run_single_machine.py:728] resnet/block_group3/bottleneck_block_10/batch_norm_relu_36/sync_batch_normalization_36/beta:0
I1108 10:22:59.533781 140319920215808 run_single_machine.py:728] resnet/block_group3/bottleneck_block_11/conv2d_fixed_padding_37/conv2d_37/kernel:0
I1108 10:22:59.533892 140319920215808 run_single_machine.py:728] resnet/block_group3/bottleneck_block_11/batch_norm_relu_37/sync_batch_normalization_37/gamma:0
I1108 10:22:59.533994 140319920215808 run_single_machine.py:728] resnet/block_group3/bottleneck_block_11/batch_norm_relu_37/sync_batch_normalization_37/beta:0
I1108 10:22:59.534090 140319920215808 run_single_machine.py:728] resnet/block_group3/bottleneck_block_11/conv2d_fixed_padding_38/conv2d_38/kernel:0
I1108 10:22:59.534185 140319920215808 run_single_machine.py:728] resnet/block_group3/bottleneck_block_11/batch_norm_relu_38/sync_batch_normalization_38/gamma:0
I1108 10:22:59.534281 140319920215808 run_single_machine.py:728] resnet/block_group3/bottleneck_block_11/batch_norm_relu_38/sync_batch_normalization_38/beta:0
I1108 10:22:59.534376 140319920215808 run_single_machine.py:728] resnet/block_group3/bottleneck_block_11/conv2d_fixed_padding_39/conv2d_39/kernel:0
I1108 10:22:59.534472 140319920215808 run_single_machine.py:728] resnet/block_group3/bottleneck_block_11/batch_norm_relu_39/sync_batch_normalization_39/gamma:0
I1108 10:22:59.534567 140319920215808 run_single_machine.py:728] resnet/block_group3/bottleneck_block_11/batch_norm_relu_39/sync_batch_normalization_39/beta:0
I1108 10:22:59.534663 140319920215808 run_single_machine.py:728] resnet/block_group3/bottleneck_block_12/conv2d_fixed_padding_40/conv2d_40/kernel:0
I1108 10:22:59.534766 140319920215808 run_single_machine.py:728] resnet/block_group3/bottleneck_block_12/batch_norm_relu_40/sync_batch_normalization_40/gamma:0
I1108 10:22:59.534861 140319920215808 run_single_machine.py:728] resnet/block_group3/bottleneck_block_12/batch_norm_relu_40/sync_batch_normalization_40/beta:0
I1108 10:22:59.534957 140319920215808 run_single_machine.py:728] resnet/block_group3/bottleneck_block_12/conv2d_fixed_padding_41/conv2d_41/kernel:0
I1108 10:22:59.535052 140319920215808 run_single_machine.py:728] resnet/block_group3/bottleneck_block_12/batch_norm_relu_41/sync_batch_normalization_41/gamma:0
I1108 10:22:59.535146 140319920215808 run_single_machine.py:728] resnet/block_group3/bottleneck_block_12/batch_norm_relu_41/sync_batch_normalization_41/beta:0
I1108 10:22:59.535242 140319920215808 run_single_machine.py:728] resnet/block_group3/bottleneck_block_12/conv2d_fixed_padding_42/conv2d_42/kernel:0
I1108 10:22:59.535337 140319920215808 run_single_machine.py:728] resnet/block_group3/bottleneck_block_12/batch_norm_relu_42/sync_batch_normalization_42/gamma:0
I1108 10:22:59.535446 140319920215808 run_single_machine.py:728] resnet/block_group3/bottleneck_block_12/batch_norm_relu_42/sync_batch_normalization_42/beta:0
I1108 10:22:59.535541 140319920215808 run_single_machine.py:728] resnet/block_group4/bottleneck_block_13/conv2d_fixed_padding_43/conv2d_43/kernel:0
I1108 10:22:59.535637 140319920215808 run_single_machine.py:728] resnet/block_group4/bottleneck_block_13/batch_norm_relu_43/sync_batch_normalization_43/gamma:0
I1108 10:22:59.535741 140319920215808 run_single_machine.py:728] resnet/block_group4/bottleneck_block_13/batch_norm_relu_43/sync_batch_normalization_43/beta:0
I1108 10:22:59.535837 140319920215808 run_single_machine.py:728] resnet/block_group4/bottleneck_block_13/conv2d_fixed_padding_44/conv2d_44/kernel:0
I1108 10:22:59.535936 140319920215808 run_single_machine.py:728] resnet/block_group4/bottleneck_block_13/batch_norm_relu_44/sync_batch_normalization_44/gamma:0
I1108 10:22:59.536032 140319920215808 run_single_machine.py:728] resnet/block_group4/bottleneck_block_13/batch_norm_relu_44/sync_batch_normalization_44/beta:0
I1108 10:22:59.536129 140319920215808 run_single_machine.py:728] resnet/block_group4/bottleneck_block_13/conv2d_fixed_padding_45/conv2d_45/kernel:0
I1108 10:22:59.536225 140319920215808 run_single_machine.py:728] resnet/block_group4/bottleneck_block_13/batch_norm_relu_45/sync_batch_normalization_45/gamma:0
I1108 10:22:59.536320 140319920215808 run_single_machine.py:728] resnet/block_group4/bottleneck_block_13/batch_norm_relu_45/sync_batch_normalization_45/beta:0
I1108 10:22:59.536417 140319920215808 run_single_machine.py:728] resnet/block_group4/bottleneck_block_13/conv2d_fixed_padding_46/conv2d_46/kernel:0
I1108 10:22:59.536512 140319920215808 run_single_machine.py:728] resnet/block_group4/bottleneck_block_13/batch_norm_relu_46/sync_batch_normalization_46/gamma:0
I1108 10:22:59.536607 140319920215808 run_single_machine.py:728] resnet/block_group4/bottleneck_block_13/batch_norm_relu_46/sync_batch_normalization_46/beta:0
I1108 10:22:59.536703 140319920215808 run_single_machine.py:728] resnet/block_group4/bottleneck_block_14/conv2d_fixed_padding_47/conv2d_47/kernel:0
I1108 10:22:59.536799 140319920215808 run_single_machine.py:728] resnet/block_group4/bottleneck_block_14/batch_norm_relu_47/sync_batch_normalization_47/gamma:0
I1108 10:22:59.536895 140319920215808 run_single_machine.py:728] resnet/block_group4/bottleneck_block_14/batch_norm_relu_47/sync_batch_normalization_47/beta:0
I1108 10:22:59.536990 140319920215808 run_single_machine.py:728] resnet/block_group4/bottleneck_block_14/conv2d_fixed_padding_48/conv2d_48/kernel:0
I1108 10:22:59.537085 140319920215808 run_single_machine.py:728] resnet/block_group4/bottleneck_block_14/batch_norm_relu_48/sync_batch_normalization_48/gamma:0
I1108 10:22:59.537181 140319920215808 run_single_machine.py:728] resnet/block_group4/bottleneck_block_14/batch_norm_relu_48/sync_batch_normalization_48/beta:0
I1108 10:22:59.537280 140319920215808 run_single_machine.py:728] resnet/block_group4/bottleneck_block_14/conv2d_fixed_padding_49/conv2d_49/kernel:0
I1108 10:22:59.537376 140319920215808 run_single_machine.py:728] resnet/block_group4/bottleneck_block_14/batch_norm_relu_49/sync_batch_normalization_49/gamma:0
I1108 10:22:59.537472 140319920215808 run_single_machine.py:728] resnet/block_group4/bottleneck_block_14/batch_norm_relu_49/sync_batch_normalization_49/beta:0
I1108 10:22:59.537568 140319920215808 run_single_machine.py:728] resnet/block_group4/bottleneck_block_15/conv2d_fixed_padding_50/conv2d_50/kernel:0
I1108 10:22:59.537663 140319920215808 run_single_machine.py:728] resnet/block_group4/bottleneck_block_15/batch_norm_relu_50/sync_batch_normalization_50/gamma:0
I1108 10:22:59.537757 140319920215808 run_single_machine.py:728] resnet/block_group4/bottleneck_block_15/batch_norm_relu_50/sync_batch_normalization_50/beta:0
I1108 10:22:59.537856 140319920215808 run_single_machine.py:728] resnet/block_group4/bottleneck_block_15/conv2d_fixed_padding_51/conv2d_51/kernel:0
I1108 10:22:59.537952 140319920215808 run_single_machine.py:728] resnet/block_group4/bottleneck_block_15/batch_norm_relu_51/sync_batch_normalization_51/gamma:0
I1108 10:22:59.538047 140319920215808 run_single_machine.py:728] resnet/block_group4/bottleneck_block_15/batch_norm_relu_51/sync_batch_normalization_51/beta:0
I1108 10:22:59.538143 140319920215808 run_single_machine.py:728] resnet/block_group4/bottleneck_block_15/conv2d_fixed_padding_52/conv2d_52/kernel:0
I1108 10:22:59.538239 140319920215808 run_single_machine.py:728] resnet/block_group4/bottleneck_block_15/batch_norm_relu_52/sync_batch_normalization_52/gamma:0
I1108 10:22:59.538334 140319920215808 run_single_machine.py:728] resnet/block_group4/bottleneck_block_15/batch_norm_relu_52/sync_batch_normalization_52/beta:0
I1108 10:22:59.538430 140319920215808 run_single_machine.py:728] projection_head/nl_0/batch_norm_relu_53/sync_batch_normalization_53/gamma:0
I1108 10:22:59.538527 140319920215808 run_single_machine.py:728] projection_head/nl_0/batch_norm_relu_53/sync_batch_normalization_53/beta:0
I1108 10:22:59.538623 140319920215808 run_single_machine.py:728] projection_head/nl_0/dense/kernel:0
I1108 10:22:59.538720 140319920215808 run_single_machine.py:728] projection_head/nl_1/batch_norm_relu_54/sync_batch_normalization_54/gamma:0
I1108 10:22:59.538815 140319920215808 run_single_machine.py:728] projection_head/nl_1/batch_norm_relu_54/sync_batch_normalization_54/beta:0
I1108 10:22:59.538911 140319920215808 run_single_machine.py:728] projection_head/nl_1/dense_1/kernel:0
I1108 10:22:59.539006 140319920215808 run_single_machine.py:728] projection_head/nl_2/batch_norm_relu_55/sync_batch_normalization_55/gamma:0
I1108 10:22:59.539101 140319920215808 run_single_machine.py:728] projection_head/nl_2/dense_2/kernel:0
I1108 10:22:59.539197 140319920215808 run_single_machine.py:728] head_supervised/linear_layer/dense_3/kernel:0
I1108 10:22:59.539292 140319920215808 run_single_machine.py:728] head_supervised/linear_layer/dense_3/bias:0
INFO:tensorflow:Error reported to Coordinator:
Traceback (most recent call last):
  File "/data/rick109582607/anaconda3/envs/TinyMLV1/lib/python3.9/site-packages/tensorflow/python/autograph/impl/api.py", line 447, in converted_call
    converted_f = _convert_actual(target_entity, program_ctx)
  File "/data/rick109582607/anaconda3/envs/TinyMLV1/lib/python3.9/site-packages/tensorflow/python/autograph/impl/api.py", line 284, in _convert_actual
    transformed, module, source_map = _TRANSPILER.transform(entity, program_ctx)
  File "/data/rick109582607/anaconda3/envs/TinyMLV1/lib/python3.9/site-packages/tensorflow/python/autograph/pyct/transpiler.py", line 286, in transform
    return self.transform_function(obj, user_context)
  File "/data/rick109582607/anaconda3/envs/TinyMLV1/lib/python3.9/site-packages/tensorflow/python/autograph/pyct/transpiler.py", line 470, in transform_function
    nodes, ctx = super(PyToPy, self).transform_function(fn, user_context)
  File "/data/rick109582607/anaconda3/envs/TinyMLV1/lib/python3.9/site-packages/tensorflow/python/autograph/pyct/transpiler.py", line 363, in transform_function
    result = self.transform_ast(node, context)
  File "/data/rick109582607/anaconda3/envs/TinyMLV1/lib/python3.9/site-packages/tensorflow/python/autograph/impl/api.py", line 252, in transform_ast
    node = self.initial_analysis(node, ctx)
  File "/data/rick109582607/anaconda3/envs/TinyMLV1/lib/python3.9/site-packages/tensorflow/python/autograph/impl/api.py", line 239, in initial_analysis
    node = qual_names.resolve(node)
  File "/data/rick109582607/anaconda3/envs/TinyMLV1/lib/python3.9/site-packages/tensorflow/python/autograph/pyct/qual_names.py", line 252, in resolve
    return QnResolver().visit(node)
  File "/data/rick109582607/anaconda3/envs/TinyMLV1/lib/python3.9/ast.py", line 407, in visit
    return visitor(node)
  File "/data/rick109582607/anaconda3/envs/TinyMLV1/lib/python3.9/ast.py", line 483, in generic_visit
    value = self.visit(value)
  File "/data/rick109582607/anaconda3/envs/TinyMLV1/lib/python3.9/ast.py", line 407, in visit
    return visitor(node)
  File "/data/rick109582607/anaconda3/envs/TinyMLV1/lib/python3.9/ast.py", line 483, in generic_visit
    value = self.visit(value)
  File "/data/rick109582607/anaconda3/envs/TinyMLV1/lib/python3.9/ast.py", line 407, in visit
    return visitor(node)
  File "/data/rick109582607/anaconda3/envs/TinyMLV1/lib/python3.9/ast.py", line 483, in generic_visit
    value = self.visit(value)
  File "/data/rick109582607/anaconda3/envs/TinyMLV1/lib/python3.9/ast.py", line 407, in visit
    return visitor(node)
  File "/data/rick109582607/anaconda3/envs/TinyMLV1/lib/python3.9/ast.py", line 483, in generic_visit
    value = self.visit(value)
  File "/data/rick109582607/anaconda3/envs/TinyMLV1/lib/python3.9/ast.py", line 407, in visit
    return visitor(node)
  File "/data/rick109582607/anaconda3/envs/TinyMLV1/lib/python3.9/site-packages/tensorflow/python/autograph/pyct/qual_names.py", line 232, in visit_Subscript
    if not isinstance(s, gast.Index):
AttributeError: module 'gast' has no attribute 'Index'
During handling of the above exception, another exception occurred:
Traceback (most recent call last):
    yield
  File "/data/rick109582607/anaconda3/envs/TinyMLV1/lib/python3.9/site-packages/tensorflow/python/distribute/mirrored_run.py", line 196, in _call_for_each_replica
    t.has_paused.wait()
  File "/data/rick109582607/anaconda3/envs/TinyMLV1/lib/python3.9/threading.py", line 574, in wait
    signaled = self._cond.wait(timeout)
  File "/data/rick109582607/anaconda3/envs/TinyMLV1/lib/python3.9/threading.py", line 312, in wait
    waiter.acquire()
KeyboardInterrupt
I1108 10:34:00.362053 140354772289280 coordinator.py:217] Error reported to Coordinator:
Traceback (most recent call last):
  File "/data/rick109582607/anaconda3/envs/TinyMLV1/lib/python3.9/site-packages/tensorflow/python/autograph/impl/api.py", line 447, in converted_call
    converted_f = _convert_actual(target_entity, program_ctx)
  File "/data/rick109582607/anaconda3/envs/TinyMLV1/lib/python3.9/site-packages/tensorflow/python/autograph/impl/api.py", line 284, in _convert_actual
    transformed, module, source_map = _TRANSPILER.transform(entity, program_ctx)
  File "/data/rick109582607/anaconda3/envs/TinyMLV1/lib/python3.9/site-packages/tensorflow/python/autograph/pyct/transpiler.py", line 286, in transform
    return self.transform_function(obj, user_context)
  File "/data/rick109582607/anaconda3/envs/TinyMLV1/lib/python3.9/site-packages/tensorflow/python/autograph/pyct/transpiler.py", line 470, in transform_function
    nodes, ctx = super(PyToPy, self).transform_function(fn, user_context)
  File "/data/rick109582607/anaconda3/envs/TinyMLV1/lib/python3.9/site-packages/tensorflow/python/autograph/pyct/transpiler.py", line 363, in transform_function
    result = self.transform_ast(node, context)
  File "/data/rick109582607/anaconda3/envs/TinyMLV1/lib/python3.9/site-packages/tensorflow/python/autograph/impl/api.py", line 252, in transform_ast
    node = self.initial_analysis(node, ctx)
  File "/data/rick109582607/anaconda3/envs/TinyMLV1/lib/python3.9/site-packages/tensorflow/python/autograph/impl/api.py", line 239, in initial_analysis
    node = qual_names.resolve(node)
  File "/data/rick109582607/anaconda3/envs/TinyMLV1/lib/python3.9/site-packages/tensorflow/python/autograph/pyct/qual_names.py", line 252, in resolve
    return QnResolver().visit(node)
  File "/data/rick109582607/anaconda3/envs/TinyMLV1/lib/python3.9/ast.py", line 407, in visit
    return visitor(node)
  File "/data/rick109582607/anaconda3/envs/TinyMLV1/lib/python3.9/ast.py", line 483, in generic_visit
    value = self.visit(value)
  File "/data/rick109582607/anaconda3/envs/TinyMLV1/lib/python3.9/ast.py", line 407, in visit
    return visitor(node)
  File "/data/rick109582607/anaconda3/envs/TinyMLV1/lib/python3.9/ast.py", line 483, in generic_visit
    value = self.visit(value)
  File "/data/rick109582607/anaconda3/envs/TinyMLV1/lib/python3.9/ast.py", line 407, in visit
    return visitor(node)
  File "/data/rick109582607/anaconda3/envs/TinyMLV1/lib/python3.9/ast.py", line 483, in generic_visit
    value = self.visit(value)
  File "/data/rick109582607/anaconda3/envs/TinyMLV1/lib/python3.9/ast.py", line 407, in visit
    return visitor(node)
  File "/data/rick109582607/anaconda3/envs/TinyMLV1/lib/python3.9/ast.py", line 483, in generic_visit
    value = self.visit(value)
  File "/data/rick109582607/anaconda3/envs/TinyMLV1/lib/python3.9/ast.py", line 407, in visit
    return visitor(node)
  File "/data/rick109582607/anaconda3/envs/TinyMLV1/lib/python3.9/site-packages/tensorflow/python/autograph/pyct/qual_names.py", line 232, in visit_Subscript
    if not isinstance(s, gast.Index):
AttributeError: module 'gast' has no attribute 'Index'
During handling of the above exception, another exception occurred:
Traceback (most recent call last):
  File "/data/rick109582607/anaconda3/envs/TinyMLV1/lib/python3.9/site-packages/tensorflow/python/training/coordinator.py", line 297, in stop_on_exception
    yield
  File "/data/rick109582607/anaconda3/envs/TinyMLV1/lib/python3.9/site-packages/tensorflow/python/distribute/mirrored_run.py", line 196, in _call_for_each_replica
    t.has_paused.wait()
  File "/data/rick109582607/anaconda3/envs/TinyMLV1/lib/python3.9/threading.py", line 574, in wait
    signaled = self._cond.wait(timeout)
  File "/data/rick109582607/anaconda3/envs/TinyMLV1/lib/python3.9/threading.py", line 312, in wait
    waiter.acquire()
KeyboardInterrupt
Traceback (most recent call last):
  File "/data/rick109582607/anaconda3/envs/TinyMLV1/lib/python3.9/site-packages/tensorflow/python/autograph/impl/api.py", line 447, in converted_call
    converted_f = _convert_actual(target_entity, program_ctx)
  File "/data/rick109582607/anaconda3/envs/TinyMLV1/lib/python3.9/site-packages/tensorflow/python/autograph/impl/api.py", line 284, in _convert_actual
    transformed, module, source_map = _TRANSPILER.transform(entity, program_ctx)
  File "/data/rick109582607/anaconda3/envs/TinyMLV1/lib/python3.9/site-packages/tensorflow/python/autograph/pyct/transpiler.py", line 286, in transform
    return self.transform_function(obj, user_context)
  File "/data/rick109582607/anaconda3/envs/TinyMLV1/lib/python3.9/site-packages/tensorflow/python/autograph/pyct/transpiler.py", line 470, in transform_function
    nodes, ctx = super(PyToPy, self).transform_function(fn, user_context)
  File "/data/rick109582607/anaconda3/envs/TinyMLV1/lib/python3.9/site-packages/tensorflow/python/autograph/pyct/transpiler.py", line 363, in transform_function
    result = self.transform_ast(node, context)
  File "/data/rick109582607/anaconda3/envs/TinyMLV1/lib/python3.9/site-packages/tensorflow/python/autograph/impl/api.py", line 252, in transform_ast
    node = self.initial_analysis(node, ctx)
  File "/data/rick109582607/anaconda3/envs/TinyMLV1/lib/python3.9/site-packages/tensorflow/python/autograph/impl/api.py", line 239, in initial_analysis
    node = qual_names.resolve(node)
  File "/data/rick109582607/anaconda3/envs/TinyMLV1/lib/python3.9/site-packages/tensorflow/python/autograph/pyct/qual_names.py", line 252, in resolve
    return QnResolver().visit(node)
  File "/data/rick109582607/anaconda3/envs/TinyMLV1/lib/python3.9/ast.py", line 407, in visit
    return visitor(node)
  File "/data/rick109582607/anaconda3/envs/TinyMLV1/lib/python3.9/ast.py", line 483, in generic_visit
    value = self.visit(value)
  File "/data/rick109582607/anaconda3/envs/TinyMLV1/lib/python3.9/ast.py", line 407, in visit
    return visitor(node)
  File "/data/rick109582607/anaconda3/envs/TinyMLV1/lib/python3.9/ast.py", line 483, in generic_visit
    value = self.visit(value)
  File "/data/rick109582607/anaconda3/envs/TinyMLV1/lib/python3.9/ast.py", line 407, in visit
    return visitor(node)
  File "/data/rick109582607/anaconda3/envs/TinyMLV1/lib/python3.9/ast.py", line 483, in generic_visit
    value = self.visit(value)
  File "/data/rick109582607/anaconda3/envs/TinyMLV1/lib/python3.9/ast.py", line 407, in visit
    return visitor(node)
  File "/data/rick109582607/anaconda3/envs/TinyMLV1/lib/python3.9/ast.py", line 483, in generic_visit
    value = self.visit(value)
  File "/data/rick109582607/anaconda3/envs/TinyMLV1/lib/python3.9/ast.py", line 407, in visit
    return visitor(node)
  File "/data/rick109582607/anaconda3/envs/TinyMLV1/lib/python3.9/site-packages/tensorflow/python/autograph/pyct/qual_names.py", line 232, in visit_Subscript
    if not isinstance(s, gast.Index):
AttributeError: module 'gast' has no attribute 'Index'
During handling of the above exception, another exception occurred:
Traceback (most recent call last):
  File "/data/rick109582607/Desktop/TinyML/self_supervised/Heuristic_attention_simclr_tensorflow_modify/run_single_machine.py", line 802, in <module>
  File "/data/rick109582607/anaconda3/envs/TinyMLV1/lib/python3.9/site-packages/absl/app.py", line 312, in run
    _run_main(main, args)
  File "/data/rick109582607/anaconda3/envs/TinyMLV1/lib/python3.9/site-packages/absl/app.py", line 258, in _run_main
    sys.exit(main(argv))
  File "/data/rick109582607/Desktop/TinyML/self_supervised/Heuristic_attention_simclr_tensorflow_modify/run_single_machine.py", line 765, in main
    axis=None)
  File "/data/rick109582607/anaconda3/envs/TinyMLV1/lib/python3.9/site-packages/tensorflow/python/eager/def_function.py", line 828, in __call__
    result = self._call(*args, **kwds)
  File "/data/rick109582607/anaconda3/envs/TinyMLV1/lib/python3.9/site-packages/tensorflow/python/eager/def_function.py", line 871, in _call
    self._initialize(args, kwds, add_initializers_to=initializers)
  File "/data/rick109582607/anaconda3/envs/TinyMLV1/lib/python3.9/site-packages/tensorflow/python/eager/def_function.py", line 725, in _initialize
    self._stateful_fn._get_concrete_function_internal_garbage_collected(  # pylint: disable=protected-access
  File "/data/rick109582607/anaconda3/envs/TinyMLV1/lib/python3.9/site-packages/tensorflow/python/eager/function.py", line 2969, in _get_concrete_function_internal_garbage_collected
    graph_function, _ = self._maybe_define_function(args, kwargs)
  File "/data/rick109582607/anaconda3/envs/TinyMLV1/lib/python3.9/site-packages/tensorflow/python/eager/function.py", line 3361, in _maybe_define_function
    graph_function = self._create_graph_function(args, kwargs)
  File "/data/rick109582607/anaconda3/envs/TinyMLV1/lib/python3.9/site-packages/tensorflow/python/eager/function.py", line 3196, in _create_graph_function
    func_graph_module.func_graph_from_py_func(
  File "/data/rick109582607/anaconda3/envs/TinyMLV1/lib/python3.9/site-packages/tensorflow/python/framework/func_graph.py", line 990, in func_graph_from_py_func
    func_outputs = python_func(*func_args, **func_kwargs)
  File "/data/rick109582607/anaconda3/envs/TinyMLV1/lib/python3.9/site-packages/tensorflow/python/eager/def_function.py", line 634, in wrapped_fn
    out = weak_wrapped_fn().__wrapped__(*args, **kwds)
  File "/data/rick109582607/anaconda3/envs/TinyMLV1/lib/python3.9/site-packages/tensorflow/python/framework/func_graph.py", line 966, in wrapper
    return autograph.converted_call(
  File "/data/rick109582607/anaconda3/envs/TinyMLV1/lib/python3.9/site-packages/tensorflow/python/autograph/impl/api.py", line 459, in converted_call
    result = converted_f(*effective_args, **kwargs)
  File "/tmp/tmpawe40dsx.py", line 12, in tf__distributed_train_step
    per_replica_losses = ag__.converted_call(ag__.ld(strategy).run, (ag__.ld(train_step),), dict(args=(ag__.ld(ds_one), ag__.ld(ds_two))), fscope)
  File "/data/rick109582607/anaconda3/envs/TinyMLV1/lib/python3.9/site-packages/tensorflow/python/autograph/impl/api.py", line 396, in converted_call
    return _call_unconverted(f, args, kwargs, options)
  File "/data/rick109582607/anaconda3/envs/TinyMLV1/lib/python3.9/site-packages/tensorflow/python/autograph/impl/api.py", line 478, in _call_unconverted
    return f(*args, **kwargs)
  File "/data/rick109582607/anaconda3/envs/TinyMLV1/lib/python3.9/site-packages/tensorflow/python/distribute/distribute_lib.py", line 1259, in run
    return self._extended.call_for_each_replica(fn, args=args, kwargs=kwargs)
  File "/data/rick109582607/anaconda3/envs/TinyMLV1/lib/python3.9/site-packages/tensorflow/python/distribute/distribute_lib.py", line 2730, in call_for_each_replica
    return self._call_for_each_replica(fn, args, kwargs)
  File "/data/rick109582607/anaconda3/envs/TinyMLV1/lib/python3.9/site-packages/tensorflow/python/distribute/mirrored_strategy.py", line 628, in _call_for_each_replica
    return mirrored_run.call_for_each_replica(
  File "/data/rick109582607/anaconda3/envs/TinyMLV1/lib/python3.9/site-packages/tensorflow/python/distribute/mirrored_run.py", line 75, in call_for_each_replica
    return wrapped(args, kwargs)
  File "/data/rick109582607/anaconda3/envs/TinyMLV1/lib/python3.9/site-packages/tensorflow/python/eager/def_function.py", line 828, in __call__
    result = self._call(*args, **kwds)
  File "/data/rick109582607/anaconda3/envs/TinyMLV1/lib/python3.9/site-packages/tensorflow/python/eager/def_function.py", line 871, in _call
    self._initialize(args, kwds, add_initializers_to=initializers)
  File "/data/rick109582607/anaconda3/envs/TinyMLV1/lib/python3.9/site-packages/tensorflow/python/eager/def_function.py", line 725, in _initialize
    self._stateful_fn._get_concrete_function_internal_garbage_collected(  # pylint: disable=protected-access
  File "/data/rick109582607/anaconda3/envs/TinyMLV1/lib/python3.9/site-packages/tensorflow/python/eager/function.py", line 2969, in _get_concrete_function_internal_garbage_collected
    graph_function, _ = self._maybe_define_function(args, kwargs)
  File "/data/rick109582607/anaconda3/envs/TinyMLV1/lib/python3.9/site-packages/tensorflow/python/eager/function.py", line 3361, in _maybe_define_function
    graph_function = self._create_graph_function(args, kwargs)
  File "/data/rick109582607/anaconda3/envs/TinyMLV1/lib/python3.9/site-packages/tensorflow/python/eager/function.py", line 3196, in _create_graph_function
    func_graph_module.func_graph_from_py_func(
  File "/data/rick109582607/anaconda3/envs/TinyMLV1/lib/python3.9/site-packages/tensorflow/python/framework/func_graph.py", line 990, in func_graph_from_py_func
    func_outputs = python_func(*func_args, **func_kwargs)
  File "/data/rick109582607/anaconda3/envs/TinyMLV1/lib/python3.9/site-packages/tensorflow/python/eager/def_function.py", line 634, in wrapped_fn
    out = weak_wrapped_fn().__wrapped__(*args, **kwds)
  File "/data/rick109582607/anaconda3/envs/TinyMLV1/lib/python3.9/site-packages/tensorflow/python/framework/func_graph.py", line 966, in wrapper
    return autograph.converted_call(
  File "/data/rick109582607/anaconda3/envs/TinyMLV1/lib/python3.9/site-packages/tensorflow/python/autograph/impl/api.py", line 371, in converted_call
    return converted_call(
  File "/data/rick109582607/anaconda3/envs/TinyMLV1/lib/python3.9/site-packages/tensorflow/python/autograph/impl/api.py", line 454, in converted_call
    return _fall_back_unconverted(f, args, kwargs, options, e)
  File "/data/rick109582607/anaconda3/envs/TinyMLV1/lib/python3.9/site-packages/tensorflow/python/autograph/impl/api.py", line 501, in _fall_back_unconverted
    return _call_unconverted(f, args, kwargs, options)
  File "/data/rick109582607/anaconda3/envs/TinyMLV1/lib/python3.9/site-packages/tensorflow/python/autograph/impl/api.py", line 478, in _call_unconverted
    return f(*args, **kwargs)
  File "/data/rick109582607/anaconda3/envs/TinyMLV1/lib/python3.9/site-packages/tensorflow/python/distribute/mirrored_run.py", line 93, in call_for_each_replica
    return _call_for_each_replica(strategy, fn, args, kwargs)
  File "/data/rick109582607/anaconda3/envs/TinyMLV1/lib/python3.9/site-packages/tensorflow/python/distribute/mirrored_run.py", line 234, in _call_for_each_replica
    coord.join(threads)
  File "/data/rick109582607/anaconda3/envs/TinyMLV1/lib/python3.9/site-packages/tensorflow/python/training/coordinator.py", line 373, in join
    time.sleep(stop_wait_secs)
KeyboardInterrupt